mode: count
github.com/miguelff/mydiff/go/compact_formatter.go:49.59,52.25 3 15
github.com/miguelff/mydiff/go/compact_formatter.go:64.2,64.27 1 15
github.com/miguelff/mydiff/go/compact_formatter.go:52.25,53.24 1 16
github.com/miguelff/mydiff/go/compact_formatter.go:54.28,55.53 1 13
github.com/miguelff/mydiff/go/compact_formatter.go:56.29,57.64 1 1
github.com/miguelff/mydiff/go/compact_formatter.go:58.27,59.62 1 1
github.com/miguelff/mydiff/go/compact_formatter.go:60.27,61.77 1 1
github.com/miguelff/mydiff/go/compact_formatter.go:73.63,74.27 1 15
github.com/miguelff/mydiff/go/compact_formatter.go:86.2,86.10 1 15
github.com/miguelff/mydiff/go/compact_formatter.go:74.27,75.24 1 19
github.com/miguelff/mydiff/go/compact_formatter.go:78.3,78.27 1 18
github.com/miguelff/mydiff/go/compact_formatter.go:84.3,84.25 1 18
github.com/miguelff/mydiff/go/compact_formatter.go:75.24,76.12 1 1
github.com/miguelff/mydiff/go/compact_formatter.go:79.28,80.20 1 1
github.com/miguelff/mydiff/go/compact_formatter.go:81.29,82.20 1 1
github.com/miguelff/mydiff/go/compact_formatter.go:89.57,92.36 3 15
github.com/miguelff/mydiff/go/compact_formatter.go:100.2,100.24 1 15
github.com/miguelff/mydiff/go/compact_formatter.go:92.36,94.27 2 15
github.com/miguelff/mydiff/go/compact_formatter.go:94.27,96.4 1 16
github.com/miguelff/mydiff/go/compact_formatter.go:97.8,99.3 1 0
github.com/miguelff/mydiff/go/compact_formatter.go:103.85,109.28 5 13
github.com/miguelff/mydiff/go/compact_formatter.go:112.2,112.14 1 13
github.com/miguelff/mydiff/go/compact_formatter.go:109.28,111.3 1 16
github.com/miguelff/mydiff/go/compact_formatter.go:115.110,117.18 2 16
github.com/miguelff/mydiff/go/compact_formatter.go:166.2,166.10 1 16
github.com/miguelff/mydiff/go/compact_formatter.go:118.23,122.4 1 1
github.com/miguelff/mydiff/go/compact_formatter.go:123.24,127.4 1 1
github.com/miguelff/mydiff/go/compact_formatter.go:128.22,132.4 1 4
github.com/miguelff/mydiff/go/compact_formatter.go:133.23,137.4 1 4
github.com/miguelff/mydiff/go/compact_formatter.go:138.27,142.4 1 1
github.com/miguelff/mydiff/go/compact_formatter.go:143.28,147.4 1 1
github.com/miguelff/mydiff/go/compact_formatter.go:148.26,152.4 1 2
github.com/miguelff/mydiff/go/compact_formatter.go:153.27,157.4 1 1
github.com/miguelff/mydiff/go/compact_formatter.go:158.33,161.18 1 1
github.com/miguelff/mydiff/go/compact_formatter.go:162.10,164.18 2 0
github.com/miguelff/mydiff/go/compact_formatter.go:169.104,171.2 1 1
github.com/miguelff/mydiff/go/compact_formatter.go:173.106,175.2 1 1
github.com/miguelff/mydiff/go/compact_formatter.go:177.103,179.22 2 4
github.com/miguelff/mydiff/go/compact_formatter.go:184.2,186.38 3 4
github.com/miguelff/mydiff/go/compact_formatter.go:189.2,189.165 1 4
github.com/miguelff/mydiff/go/compact_formatter.go:179.22,181.3 1 2
github.com/miguelff/mydiff/go/compact_formatter.go:181.8,183.3 1 2
github.com/miguelff/mydiff/go/compact_formatter.go:186.38,188.3 1 4
github.com/miguelff/mydiff/go/compact_formatter.go:192.105,194.22 2 4
github.com/miguelff/mydiff/go/compact_formatter.go:199.2,200.38 2 4
github.com/miguelff/mydiff/go/compact_formatter.go:203.2,204.163 2 4
github.com/miguelff/mydiff/go/compact_formatter.go:194.22,196.3 1 1
github.com/miguelff/mydiff/go/compact_formatter.go:196.8,198.3 1 3
github.com/miguelff/mydiff/go/compact_formatter.go:200.38,202.3 1 4
github.com/miguelff/mydiff/go/compact_formatter.go:207.113,210.43 3 1
github.com/miguelff/mydiff/go/compact_formatter.go:213.2,215.223 3 1
github.com/miguelff/mydiff/go/compact_formatter.go:210.43,212.3 1 1
github.com/miguelff/mydiff/go/compact_formatter.go:218.115,221.43 3 1
github.com/miguelff/mydiff/go/compact_formatter.go:224.2,226.221 3 1
github.com/miguelff/mydiff/go/compact_formatter.go:221.43,223.3 1 1
github.com/miguelff/mydiff/go/compact_formatter.go:229.110,233.26 4 2
github.com/miguelff/mydiff/go/compact_formatter.go:236.2,236.200 1 0
github.com/miguelff/mydiff/go/compact_formatter.go:233.26,235.3 1 2
github.com/miguelff/mydiff/go/compact_formatter.go:239.59,244.2 3 4
github.com/miguelff/mydiff/go/compact_formatter.go:246.113,248.2 1 1
github.com/miguelff/mydiff/go/compact_formatter.go:250.76,255.2 1 1
github.com/miguelff/mydiff/go/compact_formatter.go:257.74,262.2 1 1
github.com/miguelff/mydiff/go/compact_formatter.go:264.89,266.26 2 1
github.com/miguelff/mydiff/go/compact_formatter.go:272.2,272.26 1 1
github.com/miguelff/mydiff/go/compact_formatter.go:278.2,281.3 1 1
github.com/miguelff/mydiff/go/compact_formatter.go:266.26,268.33 2 1
github.com/miguelff/mydiff/go/compact_formatter.go:268.33,270.4 1 1
github.com/miguelff/mydiff/go/compact_formatter.go:272.26,274.33 2 1
github.com/miguelff/mydiff/go/compact_formatter.go:274.33,276.4 1 1
github.com/miguelff/mydiff/go/diff.go:36.109,45.2 1 20
github.com/miguelff/mydiff/go/diff.go:49.40,51.2 1 20
github.com/miguelff/mydiff/go/diff.go:55.45,59.33 3 19
github.com/miguelff/mydiff/go/diff.go:68.2,68.25 1 19
github.com/miguelff/mydiff/go/diff.go:79.2,79.12 1 19
github.com/miguelff/mydiff/go/diff.go:59.33,60.20 1 17
github.com/miguelff/mydiff/go/diff.go:61.25,62.46 1 17
github.com/miguelff/mydiff/go/diff.go:63.11,64.15 1 0
github.com/miguelff/mydiff/go/diff.go:68.25,70.17 2 18
github.com/miguelff/mydiff/go/diff.go:70.17,72.4 1 16
github.com/miguelff/mydiff/go/diff.go:72.9,73.33 1 2
github.com/miguelff/mydiff/go/diff.go:73.33,75.5 1 2
github.com/miguelff/mydiff/go/dsn_util.go:13.38,15.16 2 40
github.com/miguelff/mydiff/go/dsn_util.go:18.2,18.22 1 40
github.com/miguelff/mydiff/go/dsn_util.go:15.16,16.13 1 0
github.com/miguelff/mydiff/go/migrations_diff.go:44.64,47.21 3 18
github.com/miguelff/mydiff/go/migrations_diff.go:52.2,63.16 5 18
github.com/miguelff/mydiff/go/migrations_diff.go:68.2,71.16 4 2
github.com/miguelff/mydiff/go/migrations_diff.go:76.2,78.8 3 2
github.com/miguelff/mydiff/go/migrations_diff.go:47.21,50.3 2 18
github.com/miguelff/mydiff/go/migrations_diff.go:63.16,66.3 2 16
github.com/miguelff/mydiff/go/migrations_diff.go:71.16,74.3 2 0
github.com/miguelff/mydiff/go/migrations_diff.go:82.52,84.2 1 2
github.com/miguelff/mydiff/go/migrations_diff.go:87.54,92.2 1 0
github.com/miguelff/mydiff/go/migrations_diff.go:95.78,96.83 1 0
github.com/miguelff/mydiff/go/migrations_diff.go:100.41,102.2 1 2
github.com/miguelff/mydiff/go/migrations_diff.go:104.104,106.16 2 20
github.com/miguelff/mydiff/go/migrations_diff.go:109.2,110.16 2 20
github.com/miguelff/mydiff/go/migrations_diff.go:114.2,115.18 2 4
github.com/miguelff/mydiff/go/migrations_diff.go:123.2,123.24 1 4
github.com/miguelff/mydiff/go/migrations_diff.go:106.16,108.3 1 0
github.com/miguelff/mydiff/go/migrations_diff.go:110.16,112.3 1 16
github.com/miguelff/mydiff/go/migrations_diff.go:115.18,118.17 3 8
github.com/miguelff/mydiff/go/migrations_diff.go:121.3,121.45 1 8
github.com/miguelff/mydiff/go/migrations_diff.go:118.17,120.4 1 0
github.com/miguelff/mydiff/go/sets.go:17.60,19.25 2 4
github.com/miguelff/mydiff/go/sets.go:22.2,22.25 1 4
github.com/miguelff/mydiff/go/sets.go:27.2,27.8 1 4
github.com/miguelff/mydiff/go/sets.go:19.25,21.3 1 8
github.com/miguelff/mydiff/go/sets.go:22.25,23.28 1 8
github.com/miguelff/mydiff/go/sets.go:23.28,25.4 1 4
github.com/miguelff/mydiff/go/formatter.go:30.36,32.37 2 1
github.com/miguelff/mydiff/go/formatter.go:35.2,35.13 1 1
github.com/miguelff/mydiff/go/formatter.go:32.37,34.3 1 2
github.com/miguelff/mydiff/go/formatter.go:49.55,50.73 1 18
github.com/miguelff/mydiff/go/formatter.go:53.2,53.123 1 1
github.com/miguelff/mydiff/go/formatter.go:50.73,52.3 1 17
github.com/miguelff/mydiff/go/sql_formatter.go:22.55,24.2 1 1
github.com/miguelff/mydiff/go/table_diff.go:53.61,61.2 3 14
